78  pwd
   79  cp -r server_lesson server_lesson/linux_practice1/tmp
   80  cp -r server_lesson server_lesson
   81  cd /server_lesson/linux_practice1
   82  pwd
   83  cd /root/server_lesson/linux_practice1
   84  pwd
   85  cp -r public tmp
   86  cd tmp
   87  ls
   88  cd ..
   89  ls
   90  cd public/
   91  pwd
   92  ls
   93  cd ..
   94  cd tmp
   95  ls
   96  cd linux_practice1/
   97  ls
   98  cd ..
   99  ls
  100  cd ..
  101  ls
  102  rm -r tmp
  103  y
  104  pwd
  105  ls
  106  cp -r public tmp
  107  ls
  108  cd tmp
  109  ls
  110  cd ..
  111  pwd
  112  cd tmp
  113  ls
  114  rm index_bk.php
  115  ls
  116  git add .
  117  git status
  118  git commit -m "copy server_lesson/linux_practice1/tmp, delete server_lesson/linux_practice1/tmp/index_bk.php"
  119  git log
  120  git reset --soft HEAD^
  121  git log
  122  git commit -m "copy linux_practice1/tmp, delete tmp/index_bk.php"
  123  git log
  124  git reset --soft HEAD^
  125  exit
  126  cd root
  127  pwd
  128  ls
  129  cd server_lesson/
  130  ls
  131  cd linux_practice1/
  132  ls
  133  cd /root/server_lesson/linux_practice1/
  134  ls
  135  git log
  136  pwd
  137  cd //
  138  pwd
  139  pwd
  140  cd /root/server_lesson/
  141  pwd
  142  ls -a
  143  rm *.git
  144  rm .git
  145  rm -r .git
  146  rm -r -f .git
  147  ls -a
  148  cd //
  149  cd /root/server_lesson/
  150  ls
  151  ls -a
  152  rm ..
  153  rm -r ..
  154  cd ..
  155  ls
  156  ls -a
  157  git log
  158  cd /root/server_lesson/
  159  git log
  160  git status
  161  pwd
  162  ls
  163  cd server_lesson/
  164  pwd
  165  ls
  166  cd ..
  167  ls -a
  168  rm -r -f linux_practice1
  169  rm -r -f server_lesson
  170  ls -a
  171  pwd
  172  exit
  173  history 300
  174  git log
  175  cd /root/linux_practice1
  176  cd /root/
  177  cd /root/serverlesson
  178  cd /root/server_lesson
  179  git init
  180  ls -a
  181  git add .
  182  git status
  183  git commit -m "first commit"
  184  git log
  185  cd /root/server_lesson && pwd
  186  mkdir -p linux_practice1/public && cd /root/server_lesson/linux_practice1/public
  187  pwd
  188  touch index.php && ls
  189  ls
  190  git add .
  191  git status
  192  git commit -m "create index.php"
  193  git log
  194  pwd
  195  ls
  196  cp index.php index_bk.php && ls
  197  git add .
  198  git status
  199  git commit -m "copy index_bk.php"
  200  git log
  201  pwd
  202  cd ..
  203  pwd
  204  cp -r public tmp && ls
  205  cd tmp
  206  ls
  207  git add .
  208  git status
  209  git commit -m "copy public -> tmp"
  210  git log
  211  pwd
  212  ls
  213  rm index_bk.php
  214  ls
  215  git add .
  216  git status
  217  git commit -m "remove linux_practice1/tmp/index_bk.php"
  218  git log
  219* git reset --hard  1da7d179fa83d242b901ac3ce059cdbc99bb744
  220  pwd
  221  ls
  222  git rm index_bk.php
  223  git status
  224  ls
  225  git commit -m "remove linux_practice1/tmp/index_bk.php"
  226  git log
  227  git commit --amend "remove:tmp/index_bk.php"
  228  git log
  229  git commit --amend -m "remove:tmp/index_bk.php"
  230  git log
  231  git commit --amend -m "remove:linux_practice1/tmp/index_bk.php"
  232  git log
  233  git rebase -i HEAD ~2
  234  git rebase -i HEAD ~~
  235  git rebase -i HEAD~2
  236  git commit --amend -m "add:index_bk.php"
  237  git status
  238  git log
  239  git rebase -i HEAD~2
  240  pwd
  241  ls
  242  git rebase --continue
  243  git log
  244  cd /root/server_lesson/
  245  ls -a
  246  git log
  247  git commit --amend -m "add:index_bk.php"
  248  git log
  249  git rebase --continue
  250  git log
  251  git rebase -i HEAD~3
  252  git commit --amend -m "add:index_bk.php"
  253  git log
  254  git rebase --continue
  255  git rebase -i HEAD~4
  256  git commit --amend -m "add:index.php"
  257  git rebase --continue
  258  git rebase -i HEAD~2
  259  git commit --amend -m "add:server_lesson/linux_practice1/tmp"
  260  git rebase --continue
  261  git log
  262  pwd
  263  touch README.md
  264  vi README.md
  265  cat README.md
  266  git add .
  267  git status
  268  git commit -m "add: README.md"
  269  git log
  270  cd /root/server_lesson && pwd
  271  mkdir -p linux_practice2/documents && cd linux_practice2/documents
  272  pwd
  273  git add .
  274  git status
  275  cd ..
  276  pwd
  277  git status
  278  cd /root/server_lesson/
  279  git status
  280  git log
  281  ls
  282  git add .
  283  git status
  284  cd linux_practice2/documents
  285  touch gizumo{01..50}.md
  286  ls
  287  git add .
  288  git status
  289  git commit -m "add: linux_practice2/documents/gizumo{01~50}.md
"
  290  git log
  291  pwd
  292  cd ..
  293  pwd
  294  mkdir -p trash/ documents
  295  ls
  296  cd documents/
  297  ls
  298  mv gizumo{20..40}.md trash/documents
  299  ls
  300  mv gizumo{20..40}.md trash/documents/
  301  mv gizumo{20..40}.md /../trash/documents/
  302  mv gizumo{20..40}.md ../trash/documents/
  303  mv gizumo{20..40}.md ./trash/documents/
  304  pwd
  305  cd ..
  306  pwd
  307  ls
  308  cd trash/
  309  ls
  310  mkdir documents
  311  ls
  312  cd ..
  313  cd documents/
  314  mv gizumo{20..40}.md ./trash/documents/
  315  mv gizumo{20..40}.md ../trash/documents/
  316  cd ..
  317  cd trash/documents/
  318  ls
  319  cd /root/server_lesson/
  320  git add .
  321  cd linux_practice
  322  cd linux_practice
  323  pwd
  324  cd linux_practice
  325  ls
  326  cd linux_practice2
  327  ls
  328  git add .
  329  git status
  330  git commit -m "move: linux_practice2/trash/documents/gizumo{20~40}.md
git log
git log
cd ..
pwd
"
  331  git log
  332  git commit --amend -m "move: linux_practice2/trash/documents/gizumo{20~40}.md"
  333  git log
  334  touch .gitgnore
  335  ls
  336  ls -a
  337  vi .gitgnore
  338  git log
  339  git reset --hard "6373dcae5b1112fb4db6082cebc6b8e306641c44"
  340  git log
  341  pwd
  342  ls
  343  mkdir trash && ls
  344  cd document
  345  cd documents
  346  ls
  347  mv gizumo{20..40}.md ../trash
  348  cd ..
  349  cd trash/
  350  ls
  351  git status
  352  git commit -m "move: linux_practice2/trash/gizumo{20~40}.md"
  353  git status
  354  "

"
  355  git status
  356  git log
  357  git status
  358  pwd
  359  ls
  360  cd ..
  361  git commit -m "move: linux_practice2/trash/gizumo{20~40}.md"
  362  git add .
  363  git commit -m "move: linux_practice2/trash/gizumo{20~40}.md"
  364  git log
  365  pwd
  366  touch .gitgnore
  367  vi .gitgnore
  368  ls -a
  369  cat .gitgnore
  370  git add .
  371  git status
  372  git commit -m "add: .gotgnore"
  373  git log
  374  pwd
  375  history 300
  376  history 300
  377  history 300
